<?xml version="1.0" encoding="UTF-8"?>
<!-- Generated by org.testng.reporters.JUnitReportReporter -->
<testsuite hostname="AnitaPrashanth" failures="0" tests="1" name="GoRestTests.CommentsTests" time="3.717" errors="0" timestamp="2024-05-11T00:26:26 CEST" skipped="0">
  <testcase classname="GoRestTests.CommentsTests" name="CommentAllPosts" time="3.717"/>
</testsuite> <!-- GoRestTests.CommentsTests -->
