<?xml version="1.0" encoding="UTF-8"?>
<!-- Generated by org.testng.reporters.JUnitReportReporter -->
<testsuite hostname="AnitaPrashanth" failures="0" tests="1" name="GoRestTests.PostTests" time="3.298" errors="0" timestamp="2024-05-14T00:49:16 CEST" skipped="0">
  <testcase classname="GoRestTests.PostTests" name="GetAllPosts" time="3.298"/>
</testsuite> <!-- GoRestTests.PostTests -->
